<?xml version="1.0" encoding="UTF-8"?>
<!-- Generated by org.testng.reporters.JUnitXMLReporter -->
<testsuite hostname="DIN13002296" ignored="0" name="Default test" tests="4" failures="0" timestamp="15 May 2019 06:07:46 GMT" time="43.838" errors="0">
  <testcase name="validateblogTest" time="1.4" classname="com.projectname.qa.testcases.HomepageTest"/>
  <testcase name="validatehotelpageTest" time="0.17" classname="com.projectname.qa.testcases.HomepageTest"/>
  <testcase name="validateofferTest" time="1.406" classname="com.projectname.qa.testcases.HomepageTest"/>
  <testcase name="validatetitleofpageTest" time="0.015" classname="com.projectname.qa.testcases.HomepageTest"/>
</testsuite> <!-- Default test -->
